<?xml version="1.0" encoding="UTF-8"?>
<!-- Generated by org.testng.reporters.JUnitReportReporter -->
<testsuite hostname="anandsr-ltmmgcp.internal.salesforce.com" failures="0" tests="3" name="com.thtechops.qa.automation.testClasses.SignUp_Test" time="61.284" errors="0" timestamp="2024-03-18T12:38:27 IST" skipped="2">
  <testcase classname="com.thtechops.qa.automation.testClasses.SignUp_Test" name="drm_verification" time="61.284"/>
  <testcase classname="com.thtechops.qa.automation.testClasses.SignUp_Test" name="navigateToUrl">
    <skipped/>
  </testcase> <!-- navigateToUrl -->
  <testcase classname="com.thtechops.qa.automation.testClasses.SignUp_Test" name="login_using_otp">
    <skipped/>
  </testcase> <!-- login_using_otp -->
</testsuite> <!-- com.thtechops.qa.automation.testClasses.SignUp_Test -->
