<?xml version="1.0" encoding="UTF-8"?>
<!-- Generated by org.testng.reporters.JUnitReportReporter -->
<testsuite hostname="muditas-ltmctem.internal.salesforce.com" failures="0" tests="1" name="com.thtechops.qa.core.automation.testClasses.AppTest" time="9.073" errors="0" timestamp="2022-12-29T17:01:24 IST" skipped="0">
  <testcase classname="com.thtechops.qa.core.automation.testClasses.AppTest" name="shouldAnswerWithTrue" time="9.073"/>
  <system-out/>
</testsuite> <!-- com.thtechops.qa.core.automation.testClasses.AppTest -->
