<?xml version="1.0" encoding="UTF-8"?>
<!-- Generated by org.testng.reporters.JUnitReportReporter -->
<testsuite hostname="anandsr-ltmmgcp.internal.salesforce.com" failures="0" tests="2" name="com.thtechops.qa.automation.testClasses.Demo" time="7.460" errors="0" timestamp="2024-07-29T12:55:31 IST" skipped="0">
  <testcase classname="com.thtechops.qa.automation.testClasses.Demo" name="navigateToUrl" time="7.409"/>
  <testcase classname="com.thtechops.qa.automation.testClasses.Demo" name="login_via_linkdin" time="0.051"/>
</testsuite> <!-- com.thtechops.qa.automation.testClasses.Demo -->
