<?xml version="1.0" encoding="UTF-8"?>
<!-- Generated by org.testng.reporters.JUnitReportReporter -->
<testsuite hostname="anandsr-ltmmgcp.internal.salesforce.com" failures="0" tests="1" name="com.thtechops.qa.Login.LoginTest" time="6.392" errors="0" timestamp="2024-09-19T16:17:08 IST" skipped="0">
  <testcase classname="com.thtechops.qa.Login.LoginTest" name="_1_VerifyHelpPage" time="6.392"/>
  <system-out>
This Method Verifies the Page title of the current page.  </system-out>
</testsuite> <!-- com.thtechops.qa.Login.LoginTest -->
