<?xml version="1.0" encoding="UTF-8"?>
<!-- Generated by org.testng.reporters.JUnitReportReporter -->
<testsuite hostname="anandsr-ltmmgcp.internal.salesforce.com" failures="0" tests="2" name="com.thtechops.qa.automation.testClasses.Safari_Sign_up_DRM_verification" time="40.761" errors="0" timestamp="2023-10-11T15:41:00 IST" skipped="1">
  <testcase classname="com.thtechops.qa.automation.testClasses.Safari_Sign_up_DRM_verification" name="drm_verification" time="40.761"/>
  <testcase classname="com.thtechops.qa.automation.testClasses.Safari_Sign_up_DRM_verification" name="navigateToUrl">
    <skipped/>
  </testcase> <!-- navigateToUrl -->
</testsuite> <!-- com.thtechops.qa.automation.testClasses.Safari_Sign_up_DRM_verification -->
