<?xml version="1.0" encoding="UTF-8"?>
<!-- Generated by org.testng.reporters.JUnitReportReporter -->
<testsuite hostname="anandsr-ltmmgcp.internal.salesforce.com" failures="0" tests="3" name="com.thtechops.qa.automation.testClasses.Salesforce_Login_Test" time="112.697" errors="0" timestamp="2023-10-17T11:14:54 IST" skipped="0">
  <testcase classname="com.thtechops.qa.automation.testClasses.Salesforce_Login_Test" name="navigateToUrl" time="4.306"/>
  <testcase classname="com.thtechops.qa.automation.testClasses.Salesforce_Login_Test" name="login_via_linkdin" time="50.756"/>
  <testcase classname="com.thtechops.qa.automation.testClasses.Salesforce_Login_Test" name="drm_verification" time="57.635"/>
  <system-out>
    <![CDATA[This Method is to Login on Help Portal and Redirection to Category Page
This Method is to verify Community Tag ]]>
  </system-out>
</testsuite> <!-- com.thtechops.qa.automation.testClasses.Salesforce_Login_Test -->
