<?xml version="1.0" encoding="UTF-8"?>
<!-- Generated by org.testng.reporters.JUnitReportReporter -->
<testsuite hostname="anandsr-ltmmgcp.internal.salesforce.com" failures="0" tests="3" name="com.thtechops.qa.communityTag.testcases.T1_Community_tag_functionality" time="228.377" errors="0" timestamp="2024-07-29T23:09:35 IST" skipped="0">
  <testcase classname="com.thtechops.qa.communityTag.testcases.T1_Community_tag_functionality" name="_1_LogIn_HelpPortal" time="99.147">
    <system-out>
      <![CDATA[This Method is to Login on Help Portal and Redirection to Category Page]]>
    </system-out>
  </testcase> <!-- _1_LogIn_HelpPortal -->
  <testcase classname="com.thtechops.qa.communityTag.testcases.T1_Community_tag_functionality" name="_2_community_tag_functionality" time="50.112">
    <system-out>
      <![CDATA[This Method is to verify Community Tag ]]>
    </system-out>
  </testcase> <!-- _2_community_tag_functionality -->
  <testcase classname="com.thtechops.qa.communityTag.testcases.T1_Community_tag_functionality" name="drm_verification" time="79.118"/>
  <system-out>
    <![CDATA[This Method is to Login on Help Portal and Redirection to Category Page
This Method is to verify Community Tag ]]>
  </system-out>
</testsuite> <!-- com.thtechops.qa.communityTag.testcases.T1_Community_tag_functionality -->
