<?xml version="1.0" encoding="UTF-8"?>
<!-- Generated by org.testng.reporters.JUnitReportReporter -->
<testsuite hostname="anandsr-ltmmgcp.internal.salesforce.com" failures="0" tests="2" name="com.thtechops.qa.automation.testClasses.Gmail_Login_Test" time="60.314" errors="0" timestamp="2023-09-04T19:42:57 IST" skipped="0">
  <testcase classname="com.thtechops.qa.automation.testClasses.Gmail_Login_Test" name="navigateToUrl" time="3.641"/>
  <testcase classname="com.thtechops.qa.automation.testClasses.Gmail_Login_Test" name="login_via_linkdin" time="56.673"/>
</testsuite> <!-- com.thtechops.qa.automation.testClasses.Gmail_Login_Test -->
