<?xml version="1.0" encoding="UTF-8"?>
<!-- Generated by org.testng.reporters.JUnitReportReporter -->
<testsuite hostname="anandsr-ltmmgcp.internal.salesforce.com" failures="0" tests="2" name="com.thtechops.qa.automation.testClasses.Firefox_Sign_up" time="52.858" errors="0" timestamp="2023-10-10T17:03:46 IST" skipped="1">
  <testcase classname="com.thtechops.qa.automation.testClasses.Firefox_Sign_up" name="drm_verification" time="52.858"/>
  <testcase classname="com.thtechops.qa.automation.testClasses.Firefox_Sign_up" name="navigateToUrl">
    <skipped/>
  </testcase> <!-- navigateToUrl -->
</testsuite> <!-- com.thtechops.qa.automation.testClasses.Firefox_Sign_up -->
