<?xml version="1.0" encoding="UTF-8"?>
<!-- Generated by org.testng.reporters.JUnitReportReporter -->
<testsuite hostname="anandsr-ltmmgcp.internal.salesforce.com" failures="0" tests="4" name="com.thtechops.qa.automation.testClasses.Connect_disconnect_An_Account" time="416.422" errors="0" timestamp="2023-12-07T15:19:14 IST" skipped="0">
  <testcase classname="com.thtechops.qa.automation.testClasses.Connect_disconnect_An_Account" name="sign_up_email" time="146.190"/>
  <testcase classname="com.thtechops.qa.automation.testClasses.Connect_disconnect_An_Account" name="test_connect_account" time="26.282"/>
  <testcase classname="com.thtechops.qa.automation.testClasses.Connect_disconnect_An_Account" name="drm_verification" time="101.696"/>
  <testcase classname="com.thtechops.qa.automation.testClasses.Connect_disconnect_An_Account" name="disconnect_the_contact" time="142.254"/>
  <system-out>
    <![CDATA[This Method is to Login on Help Portal and Redirection to Category Page
This Method is to verify Community Tag ]]>
  </system-out>
</testsuite> <!-- com.thtechops.qa.automation.testClasses.Connect_disconnect_An_Account -->
