<?xml version="1.0" encoding="UTF-8"?>
<!-- Generated by org.testng.reporters.JUnitReportReporter -->
<testsuite hostname="anandsr-ltmmgcp.internal.salesforce.com" failures="0" tests="2" name="com.thtechops.qa.automation.testClasses.AppTest" time="42.374" errors="0" timestamp="2023-09-04T19:11:17 IST" skipped="0">
  <testcase classname="com.thtechops.qa.automation.testClasses.AppTest" name="navigateToUrl" time="6.680"/>
  <testcase classname="com.thtechops.qa.automation.testClasses.AppTest" name="login_via_linkdin" time="35.694"/>
</testsuite> <!-- com.thtechops.qa.automation.testClasses.AppTest -->
